{
  "RSpec": {
    "coverage": {
      "/Users/rubykobayashi/Projects/Post2/tic-tac-toe/spec/board_spec.rb": [
        1,
        null,
        1,
        4,
        null,
        3,
        null,
        1,
        1,
        1,
        null,
        null,
        null,
        1,
        1,
        null,
        null,
        1,
        null,
        1,
        null,
        null,
        null,
        1,
        1,
        null,
        1,
        1,
        null,
        null,
        null,
        null,
        null,
        null,
        null,
        null,
        null
      ],
      "/Users/rubykobayashi/Projects/Post2/tic-tac-toe/lib/board.rb": [
        1,
        null,
        null,
        1,
        1,
        null,
        1,
        null,
        6,
        null,
        null,
        null,
        null,
        null
      ],
      "/Users/rubykobayashi/Projects/Post2/tic-tac-toe/lib/game.rb": [
        null,
        1,
        1,
        null,
        null,
        1,
        1,
        1,
        1,
        1,
        null,
        1,
        9,
        9,
        9,
        9,
        null,
        null,
        null,
        1,
        10,
        8,
        8,
        null,
        null,
        null,
        1,
        null,
        1,
        8,
        7,
        null,
        1,
        null,
        null,
        null,
        null,
        1,
        10,
        null,
        null,
        1,
        2,
        null,
        null,
        1,
        8,
        7,
        1,
        1,
        null,
        null,
        null
      ],
      "/Users/rubykobayashi/Projects/Post2/tic-tac-toe/lib/UI.rb": [
        null,
        1,
        1,
        null,
        null,
        1,
        1,
        null,
        1,
        1,
        1,
        null,
        null,
        1,
        1,
        1,
        1,
        3,
        null,
        null,
        null,
        1,
        1,
        3,
        3,
        9,
        1,
        8,
        7,
        1,
        1,
        null,
        9,
        null,
        null,
        null,
        null
      ],
      "/Users/rubykobayashi/Projects/Post2/tic-tac-toe/spec/game_spec.rb": [
        1,
        null,
        1,
        5,
        5,
        null,
        null,
        null,
        null,
        null,
        null,
        null,
        null,
        null,
        1,
        1,
        1,
        null,
        null,
        null,
        null,
        1,
        1,
        1,
        1,
        null,
        null,
        null,
        1,
        1,
        1,
        null,
        null,
        null,
        null,
        null,
        null,
        null,
        null,
        null,
        null,
        null,
        null,
        null,
        null,
        1,
        1,
        1,
        1,
        2,
        null,
        null,
        null,
        null
      ],
      "/Users/rubykobayashi/Projects/Post2/tic-tac-toe/spec/tic_tac_toe_spec.rb": [
        1,
        1,
        1,
        null,
        null,
        null,
        null,
        1,
        1,
        1,
        1,
        1,
        1,
        null,
        null,
        null,
        null,
        null,
        null,
        null,
        null,
        1,
        1,
        1,
        1,
        1,
        1,
        null,
        null,
        null,
        null,
        null,
        null,
        1,
        1,
        1,
        1,
        1,
        1,
        2,
        1,
        1,
        2,
        1,
        null,
        null
      ]
    },
    "timestamp": 1555504157
  }
}
